<?xml version="1.0" encoding="UTF-8"?>
<coverage generated="1693660672950" clover="3.2.0">
  <project timestamp="1693660672951" name="All files">
    <metrics statements="59" coveredstatements="58" conditionals="6" coveredconditionals="6" methods="17" coveredmethods="16" elements="82" coveredelements="80" complexity="0" loc="59" ncloc="59" packages="1" files="3" classes="3"/>
    <file name="investor.ts" path="D:\Projects\stock-market\investor.ts">
      <metrics statements="6" coveredstatements="6" conditionals="0" coveredconditionals="0" methods="2" coveredmethods="2"/>
      <line num="7" count="2" type="stmt"/>
      <line num="10" count="3" type="stmt"/>
      <line num="13" count="3" type="stmt"/>
      <line num="14" count="3" type="stmt"/>
      <line num="17" count="3" type="stmt"/>
      <line num="18" count="1" type="stmt"/>
    </file>
    <file name="stock-market.ts" path="D:\Projects\stock-market\stock-market.ts">
      <metrics statements="48" coveredstatements="47" conditionals="6" coveredconditionals="6" methods="14" coveredmethods="13"/>
      <line num="1" count="1" type="stmt"/>
      <line num="4" count="1" type="stmt"/>
      <line num="5" count="9" type="stmt"/>
      <line num="7" count="9" type="stmt"/>
      <line num="15" count="1" type="stmt"/>
      <line num="16" count="8" type="cond" truecount="1" falsecount="0"/>
      <line num="17" count="1" type="stmt"/>
      <line num="19" count="8" type="stmt"/>
      <line num="25" count="1" type="stmt"/>
      <line num="26" count="8" type="cond" truecount="1" falsecount="0"/>
      <line num="27" count="8" type="stmt"/>
      <line num="35" count="9" type="stmt"/>
      <line num="36" count="4" type="stmt"/>
      <line num="47" count="9" type="stmt"/>
      <line num="48" count="14" type="stmt"/>
      <line num="50" count="14" type="cond" truecount="1" falsecount="0"/>
      <line num="51" count="1" type="stmt"/>
      <line num="54" count="13" type="stmt"/>
      <line num="55" count="13" type="stmt"/>
      <line num="62" count="9" type="stmt"/>
      <line num="63" count="2" type="stmt"/>
      <line num="64" count="5" type="stmt"/>
      <line num="67" count="2" type="stmt"/>
      <line num="69" count="2" type="cond" truecount="1" falsecount="0"/>
      <line num="70" count="1" type="stmt"/>
      <line num="72" count="1" type="stmt"/>
      <line num="82" count="9" type="stmt"/>
      <line num="83" count="2" type="stmt"/>
      <line num="85" count="2" type="stmt"/>
      <line num="86" count="3" type="cond" truecount="1" falsecount="0"/>
      <line num="87" count="1" type="stmt"/>
      <line num="88" count="1" type="stmt"/>
      <line num="89" count="1" type="stmt"/>
      <line num="90" count="1" type="stmt"/>
      <line num="91" count="1" type="stmt"/>
      <line num="93" count="3" type="stmt"/>
      <line num="96" count="2" type="stmt"/>
      <line num="97" count="2" type="stmt"/>
      <line num="99" count="2" type="cond" truecount="1" falsecount="0"/>
      <line num="100" count="1" type="stmt"/>
      <line num="102" count="1" type="stmt"/>
      <line num="109" count="9" type="stmt"/>
      <line num="110" count="1" type="stmt"/>
      <line num="117" count="9" type="stmt"/>
      <line num="118" count="1" type="stmt"/>
      <line num="124" count="9" type="stmt"/>
      <line num="125" count="1" type="stmt"/>
      <line num="126" count="0" type="stmt"/>
    </file>
    <file name="stock.ts" path="D:\Projects\stock-market\stock.ts">
      <metrics statements="5" coveredstatements="5" conditionals="0" coveredconditionals="0" methods="1" coveredmethods="1"/>
      <line num="1" count="2" type="stmt"/>
      <line num="8" count="17" type="stmt"/>
      <line num="9" count="17" type="stmt"/>
      <line num="10" count="17" type="stmt"/>
      <line num="11" count="17" type="stmt"/>
    </file>
  </project>
</coverage>
