<?xml version="1.0" encoding="UTF-8"?>
<coverage generated="1693747563521" clover="3.2.0">
  <project timestamp="1693747563522" name="All files">
    <metrics statements="113" coveredstatements="113" conditionals="21" coveredconditionals="21" methods="26" coveredmethods="26" elements="160" coveredelements="160" complexity="0" loc="113" ncloc="113" packages="1" files="3" classes="3"/>
    <file name="investor.ts" path="D:\Projects\stock-market\investor.ts">
      <metrics statements="12" coveredstatements="12" conditionals="0" coveredconditionals="0" methods="4" coveredmethods="4"/>
      <line num="1" count="2" type="stmt"/>
      <line num="7" count="2" type="stmt"/>
      <line num="12" count="12" type="stmt"/>
      <line num="13" count="12" type="stmt"/>
      <line num="20" count="12" type="stmt"/>
      <line num="21" count="2" type="stmt"/>
      <line num="31" count="12" type="stmt"/>
      <line num="32" count="1" type="stmt"/>
      <line num="33" count="1" type="stmt"/>
      <line num="39" count="12" type="stmt"/>
      <line num="40" count="2" type="stmt"/>
      <line num="41" count="2" type="stmt"/>
    </file>
    <file name="stock-market.ts" path="D:\Projects\stock-market\stock-market.ts">
      <metrics statements="96" coveredstatements="96" conditionals="21" coveredconditionals="21" methods="21" coveredmethods="21"/>
      <line num="1" count="1" type="stmt"/>
      <line num="4" count="1" type="stmt"/>
      <line num="5" count="21" type="stmt"/>
      <line num="10" count="21" type="stmt"/>
      <line num="17" count="1" type="stmt"/>
      <line num="18" count="20" type="cond" truecount="1" falsecount="0"/>
      <line num="19" count="1" type="stmt"/>
      <line num="21" count="20" type="stmt"/>
      <line num="27" count="1" type="stmt"/>
      <line num="28" count="20" type="cond" truecount="1" falsecount="0"/>
      <line num="29" count="20" type="stmt"/>
      <line num="37" count="21" type="stmt"/>
      <line num="38" count="5" type="stmt"/>
      <line num="46" count="21" type="stmt"/>
      <line num="47" count="54" type="stmt"/>
      <line num="48" count="54" type="stmt"/>
      <line num="49" count="50" type="cond" truecount="1" falsecount="0"/>
      <line num="50" count="21" type="stmt"/>
      <line num="52" count="54" type="stmt"/>
      <line num="60" count="21" type="stmt"/>
      <line num="61" count="4" type="cond" truecount="1" falsecount="0"/>
      <line num="62" count="1" type="stmt"/>
      <line num="65" count="3" type="stmt"/>
      <line num="66" count="3" type="stmt"/>
      <line num="67" count="4" type="cond" truecount="1" falsecount="0"/>
      <line num="68" count="3" type="stmt"/>
      <line num="71" count="3" type="stmt"/>
      <line num="82" count="21" type="stmt"/>
      <line num="83" count="26" type="cond" truecount="1" falsecount="0"/>
      <line num="84" count="1" type="stmt"/>
      <line num="87" count="25" type="stmt"/>
      <line num="89" count="25" type="stmt"/>
      <line num="90" count="25" type="stmt"/>
      <line num="91" count="25" type="stmt"/>
      <line num="98" count="21" type="stmt"/>
      <line num="99" count="2" type="cond" truecount="1" falsecount="0"/>
      <line num="100" count="1" type="stmt"/>
      <line num="102" count="1" type="stmt"/>
      <line num="103" count="3" type="stmt"/>
      <line num="106" count="1" type="stmt"/>
      <line num="107" count="1" type="stmt"/>
      <line num="117" count="21" type="stmt"/>
      <line num="118" count="3" type="cond" truecount="1" falsecount="0"/>
      <line num="119" count="1" type="stmt"/>
      <line num="121" count="2" type="stmt"/>
      <line num="122" count="3" type="cond" truecount="1" falsecount="0"/>
      <line num="123" count="2" type="stmt"/>
      <line num="124" count="2" type="stmt"/>
      <line num="125" count="2" type="stmt"/>
      <line num="126" count="2" type="stmt"/>
      <line num="130" count="2" type="cond" truecount="1" falsecount="0"/>
      <line num="131" count="2" type="stmt"/>
      <line num="132" count="2" type="stmt"/>
      <line num="133" count="2" type="stmt"/>
      <line num="136" count="2" type="stmt"/>
      <line num="144" count="21" type="stmt"/>
      <line num="145" count="3" type="cond" truecount="1" falsecount="0"/>
      <line num="146" count="1" type="stmt"/>
      <line num="148" count="2" type="stmt"/>
      <line num="156" count="21" type="stmt"/>
      <line num="157" count="5" type="cond" truecount="1" falsecount="0"/>
      <line num="158" count="1" type="stmt"/>
      <line num="161" count="4" type="cond" truecount="1" falsecount="0"/>
      <line num="162" count="4" type="stmt"/>
      <line num="165" count="4" type="stmt"/>
      <line num="167" count="4" type="cond" truecount="1" falsecount="0"/>
      <line num="168" count="4" type="stmt"/>
      <line num="169" count="4" type="stmt"/>
      <line num="172" count="4" type="stmt"/>
      <line num="181" count="21" type="stmt"/>
      <line num="182" count="6" type="cond" truecount="1" falsecount="0"/>
      <line num="183" count="1" type="stmt"/>
      <line num="185" count="5" type="stmt"/>
      <line num="186" count="5" type="stmt"/>
      <line num="187" count="5" type="cond" truecount="1" falsecount="0"/>
      <line num="188" count="3" type="stmt"/>
      <line num="189" count="2" type="cond" truecount="1" falsecount="0"/>
      <line num="190" count="2" type="stmt"/>
      <line num="194" count="5" type="stmt"/>
      <line num="197" count="21" type="stmt"/>
      <line num="198" count="3" type="cond" truecount="1" falsecount="0"/>
      <line num="199" count="1" type="stmt"/>
      <line num="201" count="2" type="cond" truecount="1" falsecount="0"/>
      <line num="202" count="1" type="stmt"/>
      <line num="205" count="1" type="stmt"/>
      <line num="207" count="1" type="stmt"/>
      <line num="208" count="1" type="stmt"/>
      <line num="211" count="1" type="cond" truecount="1" falsecount="0"/>
      <line num="212" count="1" type="stmt"/>
      <line num="213" count="1" type="stmt"/>
      <line num="220" count="21" type="stmt"/>
      <line num="221" count="2" type="stmt"/>
      <line num="222" count="2" type="stmt"/>
      <line num="223" count="2" type="cond" truecount="1" falsecount="0"/>
      <line num="224" count="1" type="stmt"/>
      <line num="225" count="1" type="stmt"/>
    </file>
    <file name="stock.ts" path="D:\Projects\stock-market\stock.ts">
      <metrics statements="5" coveredstatements="5" conditionals="0" coveredconditionals="0" methods="1" coveredmethods="1"/>
      <line num="1" count="2" type="stmt"/>
      <line num="8" count="29" type="stmt"/>
      <line num="9" count="29" type="stmt"/>
      <line num="10" count="29" type="stmt"/>
      <line num="11" count="29" type="stmt"/>
    </file>
  </project>
</coverage>
