{"D:\\Projects\\stock-market\\investor.ts": {"path":"D:\\Projects\\stock-market\\investor.ts","statementMap":{"0":{"start":{"line":10,"column":11},"end":{"line":10,"column":null}},"1":{"start":{"line":17,"column":11},"end":{"line":19,"column":null}},"2":{"start":{"line":18,"column":8},"end":{"line":18,"column":null}},"3":{"start":{"line":13,"column":8},"end":{"line":13,"column":null}},"4":{"start":{"line":14,"column":8},"end":{"line":14,"column":null}},"5":{"start":{"line":7,"column":0},"end":{"line":7,"column":13}}},"fnMap":{"0":{"name":"(anonymous_0)","decl":{"start":{"line":12,"column":4},"end":{"line":12,"column":16}},"loc":{"start":{"line":12,"column":46},"end":{"line":15,"column":5}}},"1":{"name":"(anonymous_1)","decl":{"start":{"line":17,"column":20},"end":{"line":17,"column":23}},"loc":{"start":{"line":17,"column":25},"end":{"line":19,"column":5}}}},"branchMap":{},"s":{"0":3,"1":3,"2":1,"3":3,"4":3,"5":2},"f":{"0":3,"1":1},"b":{}}
,"D:\\Projects\\stock-market\\stock-market.ts": {"path":"D:\\Projects\\stock-market\\stock-market.ts","statementMap":{"0":{"start":{"line":1,"column":0},"end":{"line":1,"column":31}},"1":{"start":{"line":5,"column":11},"end":{"line":5,"column":null}},"2":{"start":{"line":7,"column":11},"end":{"line":7,"column":null}},"3":{"start":{"line":35,"column":11},"end":{"line":37,"column":null}},"4":{"start":{"line":36,"column":8},"end":{"line":36,"column":null}},"5":{"start":{"line":47,"column":11},"end":{"line":56,"column":null}},"6":{"start":{"line":48,"column":25},"end":{"line":48,"column":61}},"7":{"start":{"line":50,"column":8},"end":{"line":52,"column":null}},"8":{"start":{"line":50,"column":37},"end":{"line":50,"column":72}},"9":{"start":{"line":51,"column":12},"end":{"line":51,"column":null}},"10":{"start":{"line":54,"column":8},"end":{"line":54,"column":null}},"11":{"start":{"line":55,"column":8},"end":{"line":55,"column":null}},"12":{"start":{"line":62,"column":11},"end":{"line":73,"column":null}},"13":{"start":{"line":63,"column":33},"end":{"line":65,"column":9}},"14":{"start":{"line":64,"column":12},"end":{"line":64,"column":null}},"15":{"start":{"line":67,"column":26},"end":{"line":67,"column":62}},"16":{"start":{"line":69,"column":8},"end":{"line":70,"column":null}},"17":{"start":{"line":70,"column":12},"end":{"line":70,"column":null}},"18":{"start":{"line":72,"column":8},"end":{"line":72,"column":null}},"19":{"start":{"line":82,"column":11},"end":{"line":103,"column":null}},"20":{"start":{"line":83,"column":29},"end":{"line":83,"column":34}},"21":{"start":{"line":85,"column":35},"end":{"line":94,"column":9}},"22":{"start":{"line":86,"column":12},"end":{"line":92,"column":null}},"23":{"start":{"line":87,"column":16},"end":{"line":87,"column":null}},"24":{"start":{"line":88,"column":16},"end":{"line":88,"column":null}},"25":{"start":{"line":89,"column":16},"end":{"line":89,"column":null}},"26":{"start":{"line":90,"column":16},"end":{"line":90,"column":null}},"27":{"start":{"line":91,"column":16},"end":{"line":91,"column":null}},"28":{"start":{"line":93,"column":12},"end":{"line":93,"column":null}},"29":{"start":{"line":96,"column":26},"end":{"line":96,"column":64}},"30":{"start":{"line":97,"column":8},"end":{"line":97,"column":null}},"31":{"start":{"line":99,"column":8},"end":{"line":100,"column":null}},"32":{"start":{"line":100,"column":12},"end":{"line":100,"column":null}},"33":{"start":{"line":102,"column":8},"end":{"line":102,"column":null}},"34":{"start":{"line":109,"column":11},"end":{"line":111,"column":null}},"35":{"start":{"line":110,"column":8},"end":{"line":110,"column":null}},"36":{"start":{"line":117,"column":11},"end":{"line":119,"column":null}},"37":{"start":{"line":118,"column":8},"end":{"line":118,"column":null}},"38":{"start":{"line":124,"column":11},"end":{"line":128,"column":null}},"39":{"start":{"line":125,"column":8},"end":{"line":127,"column":null}},"40":{"start":{"line":126,"column":12},"end":{"line":126,"column":null}},"41":{"start":{"line":4,"column":0},"end":{"line":4,"column":13}},"42":{"start":{"line":15,"column":18},"end":{"line":15,"column":32}},"43":{"start":{"line":16,"column":8},"end":{"line":18,"column":null}},"44":{"start":{"line":17,"column":12},"end":{"line":17,"column":null}},"45":{"start":{"line":19,"column":8},"end":{"line":19,"column":null}},"46":{"start":{"line":25,"column":18},"end":{"line":25,"column":34}},"47":{"start":{"line":26,"column":8},"end":{"line":28,"column":null}},"48":{"start":{"line":27,"column":12},"end":{"line":27,"column":null}}},"fnMap":{"0":{"name":"(anonymous_0)","decl":{"start":{"line":9,"column":4},"end":{"line":9,"column":27}},"loc":{"start":{"line":9,"column":4},"end":{"line":9,"column":28}}},"1":{"name":"(anonymous_1)","decl":{"start":{"line":35,"column":23},"end":{"line":35,"column":35}},"loc":{"start":{"line":35,"column":37},"end":{"line":37,"column":5}}},"2":{"name":"(anonymous_2)","decl":{"start":{"line":47,"column":22},"end":{"line":47,"column":23}},"loc":{"start":{"line":47,"column":76},"end":{"line":56,"column":5}}},"3":{"name":"(anonymous_3)","decl":{"start":{"line":50,"column":28},"end":{"line":50,"column":33}},"loc":{"start":{"line":50,"column":37},"end":{"line":50,"column":72}}},"4":{"name":"(anonymous_4)","decl":{"start":{"line":62,"column":25},"end":{"line":62,"column":26}},"loc":{"start":{"line":62,"column":50},"end":{"line":73,"column":5}}},"5":{"name":"(anonymous_5)","decl":{"start":{"line":63,"column":33},"end":{"line":63,"column":34}},"loc":{"start":{"line":63,"column":50},"end":{"line":65,"column":9}}},"6":{"name":"(anonymous_6)","decl":{"start":{"line":82,"column":25},"end":{"line":82,"column":26}},"loc":{"start":{"line":82,"column":131},"end":{"line":103,"column":5}}},"7":{"name":"(anonymous_7)","decl":{"start":{"line":85,"column":35},"end":{"line":85,"column":36}},"loc":{"start":{"line":85,"column":52},"end":{"line":94,"column":9}}},"8":{"name":"(anonymous_8)","decl":{"start":{"line":109,"column":28},"end":{"line":109,"column":43}},"loc":{"start":{"line":109,"column":45},"end":{"line":111,"column":5}}},"9":{"name":"(anonymous_9)","decl":{"start":{"line":117,"column":23},"end":{"line":117,"column":24}},"loc":{"start":{"line":117,"column":46},"end":{"line":119,"column":5}}},"10":{"name":"(anonymous_10)","decl":{"start":{"line":124,"column":31},"end":{"line":124,"column":34}},"loc":{"start":{"line":124,"column":36},"end":{"line":128,"column":5}}},"11":{"name":"(anonymous_11)","decl":{"start":{"line":125,"column":33},"end":{"line":125,"column":34}},"loc":{"start":{"line":125,"column":48},"end":{"line":127,"column":9}}},"12":{"name":"(anonymous_12)","decl":{"start":{"line":15,"column":32},"end":{"line":15,"column":48}},"loc":{"start":{"line":15,"column":50},"end":{"line":20,"column":null}}},"13":{"name":"(anonymous_13)","decl":{"start":{"line":25,"column":34},"end":{"line":25,"column":43}},"loc":{"start":{"line":25,"column":45},"end":{"line":29,"column":null}}}},"branchMap":{"0":{"loc":{"start":{"line":50,"column":8},"end":{"line":52,"column":null}},"type":"if","locations":[{"start":{"line":50,"column":8},"end":{"line":52,"column":null}}]},"1":{"loc":{"start":{"line":69,"column":8},"end":{"line":70,"column":null}},"type":"if","locations":[{"start":{"line":69,"column":8},"end":{"line":70,"column":null}}]},"2":{"loc":{"start":{"line":86,"column":12},"end":{"line":92,"column":null}},"type":"if","locations":[{"start":{"line":86,"column":12},"end":{"line":92,"column":null}}]},"3":{"loc":{"start":{"line":99,"column":8},"end":{"line":100,"column":null}},"type":"if","locations":[{"start":{"line":99,"column":8},"end":{"line":100,"column":null}}]},"4":{"loc":{"start":{"line":16,"column":8},"end":{"line":18,"column":null}},"type":"if","locations":[{"start":{"line":16,"column":8},"end":{"line":18,"column":null}}]},"5":{"loc":{"start":{"line":26,"column":8},"end":{"line":28,"column":null}},"type":"if","locations":[{"start":{"line":26,"column":8},"end":{"line":28,"column":null}}]}},"s":{"0":1,"1":9,"2":9,"3":9,"4":4,"5":9,"6":14,"7":14,"8":8,"9":1,"10":13,"11":13,"12":9,"13":2,"14":5,"15":2,"16":2,"17":1,"18":1,"19":9,"20":2,"21":2,"22":3,"23":1,"24":1,"25":1,"26":1,"27":1,"28":3,"29":2,"30":2,"31":2,"32":1,"33":1,"34":9,"35":1,"36":9,"37":1,"38":9,"39":1,"40":0,"41":1,"42":1,"43":8,"44":1,"45":8,"46":1,"47":8,"48":8},"f":{"0":9,"1":4,"2":14,"3":8,"4":2,"5":5,"6":2,"7":3,"8":1,"9":1,"10":1,"11":0,"12":8,"13":8},"b":{"0":[1],"1":[1],"2":[1],"3":[1],"4":[1],"5":[8]}}
,"D:\\Projects\\stock-market\\stock.ts": {"path":"D:\\Projects\\stock-market\\stock.ts","statementMap":{"0":{"start":{"line":8,"column":8},"end":{"line":8,"column":null}},"1":{"start":{"line":9,"column":8},"end":{"line":9,"column":null}},"2":{"start":{"line":10,"column":8},"end":{"line":10,"column":null}},"3":{"start":{"line":11,"column":8},"end":{"line":11,"column":null}},"4":{"start":{"line":1,"column":0},"end":{"line":1,"column":13}}},"fnMap":{"0":{"name":"(anonymous_0)","decl":{"start":{"line":7,"column":4},"end":{"line":7,"column":16}},"loc":{"start":{"line":7,"column":65},"end":{"line":12,"column":5}}}},"branchMap":{},"s":{"0":17,"1":17,"2":17,"3":17,"4":2},"f":{"0":17},"b":{}}
}
