{"D:\\Projects\\stock-market\\investor.ts": {"path":"D:\\Projects\\stock-market\\investor.ts","statementMap":{"0":{"start":{"line":2,"column":0},"end":{"line":2,"column":36}},"1":{"start":{"line":21,"column":11},"end":{"line":26,"column":null}},"2":{"start":{"line":22,"column":8},"end":{"line":25,"column":null}},"3":{"start":{"line":32,"column":11},"end":{"line":34,"column":null}},"4":{"start":{"line":33,"column":8},"end":{"line":33,"column":null}},"5":{"start":{"line":39,"column":11},"end":{"line":42,"column":null}},"6":{"start":{"line":40,"column":8},"end":{"line":40,"column":null}},"7":{"start":{"line":41,"column":8},"end":{"line":41,"column":null}},"8":{"start":{"line":13,"column":8},"end":{"line":13,"column":null}},"9":{"start":{"line":14,"column":8},"end":{"line":14,"column":null}},"10":{"start":{"line":8,"column":0},"end":{"line":8,"column":13}}},"fnMap":{"0":{"name":"(anonymous_0)","decl":{"start":{"line":12,"column":4},"end":{"line":12,"column":16}},"loc":{"start":{"line":12,"column":28},"end":{"line":15,"column":5}}},"1":{"name":"(anonymous_1)","decl":{"start":{"line":21,"column":24},"end":{"line":21,"column":27}},"loc":{"start":{"line":21,"column":29},"end":{"line":26,"column":5}}},"2":{"name":"(anonymous_2)","decl":{"start":{"line":32,"column":27},"end":{"line":32,"column":28}},"loc":{"start":{"line":32,"column":55},"end":{"line":34,"column":5}}},"3":{"name":"(anonymous_3)","decl":{"start":{"line":39,"column":20},"end":{"line":39,"column":21}},"loc":{"start":{"line":39,"column":40},"end":{"line":42,"column":5}}}},"branchMap":{},"s":{"0":2,"1":8,"2":2,"3":8,"4":1,"5":8,"6":2,"7":2,"8":8,"9":8,"10":2},"f":{"0":8,"1":2,"2":1,"3":2},"b":{}}
,"D:\\Projects\\stock-market\\stock-market.ts": {"path":"D:\\Projects\\stock-market\\stock-market.ts","statementMap":{"0":{"start":{"line":1,"column":0},"end":{"line":1,"column":31}},"1":{"start":{"line":5,"column":11},"end":{"line":5,"column":null}},"2":{"start":{"line":37,"column":11},"end":{"line":39,"column":null}},"3":{"start":{"line":38,"column":8},"end":{"line":38,"column":null}},"4":{"start":{"line":46,"column":11},"end":{"line":53,"column":null}},"5":{"start":{"line":47,"column":29},"end":{"line":47,"column":34}},"6":{"start":{"line":48,"column":8},"end":{"line":51,"column":null}},"7":{"start":{"line":49,"column":12},"end":{"line":50,"column":null}},"8":{"start":{"line":50,"column":16},"end":{"line":50,"column":null}},"9":{"start":{"line":52,"column":8},"end":{"line":52,"column":null}},"10":{"start":{"line":60,"column":11},"end":{"line":72,"column":null}},"11":{"start":{"line":61,"column":8},"end":{"line":63,"column":null}},"12":{"start":{"line":62,"column":12},"end":{"line":62,"column":null}},"13":{"start":{"line":65,"column":34},"end":{"line":65,"column":52}},"14":{"start":{"line":66,"column":8},"end":{"line":70,"column":null}},"15":{"start":{"line":67,"column":12},"end":{"line":69,"column":null}},"16":{"start":{"line":68,"column":16},"end":{"line":68,"column":null}},"17":{"start":{"line":71,"column":8},"end":{"line":71,"column":null}},"18":{"start":{"line":82,"column":11},"end":{"line":91,"column":null}},"19":{"start":{"line":83,"column":8},"end":{"line":85,"column":null}},"20":{"start":{"line":84,"column":12},"end":{"line":84,"column":null}},"21":{"start":{"line":87,"column":25},"end":{"line":87,"column":61}},"22":{"start":{"line":89,"column":8},"end":{"line":89,"column":null}},"23":{"start":{"line":90,"column":8},"end":{"line":90,"column":null}},"24":{"start":{"line":97,"column":11},"end":{"line":107,"column":null}},"25":{"start":{"line":98,"column":8},"end":{"line":99,"column":null}},"26":{"start":{"line":99,"column":12},"end":{"line":99,"column":null}},"27":{"start":{"line":101,"column":33},"end":{"line":103,"column":9}},"28":{"start":{"line":102,"column":12},"end":{"line":102,"column":null}},"29":{"start":{"line":105,"column":26},"end":{"line":105,"column":62}},"30":{"start":{"line":106,"column":8},"end":{"line":106,"column":null}},"31":{"start":{"line":116,"column":11},"end":{"line":136,"column":null}},"32":{"start":{"line":117,"column":8},"end":{"line":118,"column":null}},"33":{"start":{"line":118,"column":12},"end":{"line":118,"column":null}},"34":{"start":{"line":120,"column":8},"end":{"line":127,"column":null}},"35":{"start":{"line":121,"column":12},"end":{"line":126,"column":null}},"36":{"start":{"line":122,"column":16},"end":{"line":122,"column":null}},"37":{"start":{"line":123,"column":16},"end":{"line":123,"column":null}},"38":{"start":{"line":124,"column":16},"end":{"line":124,"column":null}},"39":{"start":{"line":125,"column":16},"end":{"line":125,"column":null}},"40":{"start":{"line":129,"column":8},"end":{"line":133,"column":null}},"41":{"start":{"line":130,"column":37},"end":{"line":130,"column":77}},"42":{"start":{"line":131,"column":12},"end":{"line":131,"column":null}},"43":{"start":{"line":132,"column":12},"end":{"line":132,"column":null}},"44":{"start":{"line":135,"column":8},"end":{"line":135,"column":null}},"45":{"start":{"line":143,"column":11},"end":{"line":148,"column":null}},"46":{"start":{"line":144,"column":8},"end":{"line":146,"column":null}},"47":{"start":{"line":145,"column":12},"end":{"line":145,"column":null}},"48":{"start":{"line":147,"column":8},"end":{"line":147,"column":null}},"49":{"start":{"line":155,"column":11},"end":{"line":172,"column":null}},"50":{"start":{"line":156,"column":8},"end":{"line":158,"column":null}},"51":{"start":{"line":157,"column":12},"end":{"line":157,"column":null}},"52":{"start":{"line":160,"column":8},"end":{"line":162,"column":null}},"53":{"start":{"line":161,"column":12},"end":{"line":161,"column":null}},"54":{"start":{"line":164,"column":31},"end":{"line":164,"column":65}},"55":{"start":{"line":166,"column":8},"end":{"line":169,"column":null}},"56":{"start":{"line":167,"column":12},"end":{"line":167,"column":null}},"57":{"start":{"line":168,"column":12},"end":{"line":168,"column":null}},"58":{"start":{"line":171,"column":8},"end":{"line":171,"column":null}},"59":{"start":{"line":177,"column":11},"end":{"line":185,"column":null}},"60":{"start":{"line":178,"column":33},"end":{"line":178,"column":67}},"61":{"start":{"line":179,"column":29},"end":{"line":179,"column":65}},"62":{"start":{"line":180,"column":8},"end":{"line":184,"column":null}},"63":{"start":{"line":181,"column":12},"end":{"line":183,"column":null}},"64":{"start":{"line":182,"column":16},"end":{"line":182,"column":null}},"65":{"start":{"line":10,"column":8},"end":{"line":10,"column":57}},"66":{"start":{"line":4,"column":0},"end":{"line":4,"column":13}},"67":{"start":{"line":17,"column":18},"end":{"line":17,"column":32}},"68":{"start":{"line":18,"column":8},"end":{"line":20,"column":null}},"69":{"start":{"line":19,"column":12},"end":{"line":19,"column":null}},"70":{"start":{"line":21,"column":8},"end":{"line":21,"column":null}},"71":{"start":{"line":27,"column":18},"end":{"line":27,"column":34}},"72":{"start":{"line":28,"column":8},"end":{"line":30,"column":null}},"73":{"start":{"line":29,"column":12},"end":{"line":29,"column":null}}},"fnMap":{"0":{"name":"(anonymous_0)","decl":{"start":{"line":9,"column":4},"end":{"line":9,"column":null}},"loc":{"start":{"line":9,"column":4},"end":{"line":11,"column":5}}},"1":{"name":"(anonymous_1)","decl":{"start":{"line":37,"column":23},"end":{"line":37,"column":35}},"loc":{"start":{"line":37,"column":37},"end":{"line":39,"column":5}}},"2":{"name":"(anonymous_2)","decl":{"start":{"line":46,"column":31},"end":{"line":46,"column":32}},"loc":{"start":{"line":46,"column":65},"end":{"line":53,"column":5}}},"3":{"name":"(anonymous_3)","decl":{"start":{"line":48,"column":28},"end":{"line":48,"column":29}},"loc":{"start":{"line":48,"column":38},"end":{"line":51,"column":9}}},"4":{"name":"(anonymous_4)","decl":{"start":{"line":60,"column":31},"end":{"line":60,"column":32}},"loc":{"start":{"line":60,"column":69},"end":{"line":72,"column":5}}},"5":{"name":"(anonymous_5)","decl":{"start":{"line":66,"column":28},"end":{"line":66,"column":29}},"loc":{"start":{"line":66,"column":38},"end":{"line":70,"column":9}}},"6":{"name":"(anonymous_6)","decl":{"start":{"line":82,"column":22},"end":{"line":82,"column":23}},"loc":{"start":{"line":82,"column":76},"end":{"line":91,"column":5}}},"7":{"name":"(anonymous_7)","decl":{"start":{"line":97,"column":25},"end":{"line":97,"column":26}},"loc":{"start":{"line":97,"column":50},"end":{"line":107,"column":5}}},"8":{"name":"(anonymous_8)","decl":{"start":{"line":101,"column":33},"end":{"line":101,"column":34}},"loc":{"start":{"line":101,"column":50},"end":{"line":103,"column":9}}},"9":{"name":"(anonymous_9)","decl":{"start":{"line":116,"column":25},"end":{"line":116,"column":26}},"loc":{"start":{"line":116,"column":131},"end":{"line":136,"column":5}}},"10":{"name":"(anonymous_10)","decl":{"start":{"line":120,"column":28},"end":{"line":120,"column":29}},"loc":{"start":{"line":120,"column":45},"end":{"line":127,"column":9}}},"11":{"name":"(anonymous_11)","decl":{"start":{"line":143,"column":28},"end":{"line":143,"column":29}},"loc":{"start":{"line":143,"column":77},"end":{"line":148,"column":5}}},"12":{"name":"(anonymous_12)","decl":{"start":{"line":155,"column":23},"end":{"line":155,"column":24}},"loc":{"start":{"line":155,"column":68},"end":{"line":172,"column":5}}},"13":{"name":"(anonymous_13)","decl":{"start":{"line":177,"column":31},"end":{"line":177,"column":32}},"loc":{"start":{"line":177,"column":56},"end":{"line":185,"column":5}}},"14":{"name":"(anonymous_14)","decl":{"start":{"line":181,"column":37},"end":{"line":181,"column":38}},"loc":{"start":{"line":181,"column":52},"end":{"line":183,"column":13}}},"15":{"name":"(anonymous_15)","decl":{"start":{"line":17,"column":32},"end":{"line":17,"column":48}},"loc":{"start":{"line":17,"column":50},"end":{"line":22,"column":null}}},"16":{"name":"(anonymous_16)","decl":{"start":{"line":27,"column":34},"end":{"line":27,"column":43}},"loc":{"start":{"line":27,"column":45},"end":{"line":31,"column":null}}}},"branchMap":{"0":{"loc":{"start":{"line":49,"column":12},"end":{"line":50,"column":null}},"type":"if","locations":[{"start":{"line":49,"column":12},"end":{"line":50,"column":null}}]},"1":{"loc":{"start":{"line":61,"column":8},"end":{"line":63,"column":null}},"type":"if","locations":[{"start":{"line":61,"column":8},"end":{"line":63,"column":null}}]},"2":{"loc":{"start":{"line":67,"column":12},"end":{"line":69,"column":null}},"type":"if","locations":[{"start":{"line":67,"column":12},"end":{"line":69,"column":null}}]},"3":{"loc":{"start":{"line":83,"column":8},"end":{"line":85,"column":null}},"type":"if","locations":[{"start":{"line":83,"column":8},"end":{"line":85,"column":null}}]},"4":{"loc":{"start":{"line":98,"column":8},"end":{"line":99,"column":null}},"type":"if","locations":[{"start":{"line":98,"column":8},"end":{"line":99,"column":null}}]},"5":{"loc":{"start":{"line":117,"column":8},"end":{"line":118,"column":null}},"type":"if","locations":[{"start":{"line":117,"column":8},"end":{"line":118,"column":null}}]},"6":{"loc":{"start":{"line":121,"column":12},"end":{"line":126,"column":null}},"type":"if","locations":[{"start":{"line":121,"column":12},"end":{"line":126,"column":null}}]},"7":{"loc":{"start":{"line":129,"column":8},"end":{"line":133,"column":null}},"type":"if","locations":[{"start":{"line":129,"column":8},"end":{"line":133,"column":null}}]},"8":{"loc":{"start":{"line":144,"column":8},"end":{"line":146,"column":null}},"type":"if","locations":[{"start":{"line":144,"column":8},"end":{"line":146,"column":null}}]},"9":{"loc":{"start":{"line":156,"column":8},"end":{"line":158,"column":null}},"type":"if","locations":[{"start":{"line":156,"column":8},"end":{"line":158,"column":null}}]},"10":{"loc":{"start":{"line":160,"column":8},"end":{"line":162,"column":null}},"type":"if","locations":[{"start":{"line":160,"column":8},"end":{"line":162,"column":null}}]},"11":{"loc":{"start":{"line":166,"column":8},"end":{"line":169,"column":null}},"type":"if","locations":[{"start":{"line":166,"column":8},"end":{"line":169,"column":null}}]},"12":{"loc":{"start":{"line":180,"column":8},"end":{"line":184,"column":null}},"type":"if","locations":[{"start":{"line":180,"column":8},"end":{"line":184,"column":null}}]},"13":{"loc":{"start":{"line":18,"column":8},"end":{"line":20,"column":null}},"type":"if","locations":[{"start":{"line":18,"column":8},"end":{"line":20,"column":null}}]},"14":{"loc":{"start":{"line":28,"column":8},"end":{"line":30,"column":null}},"type":"if","locations":[{"start":{"line":28,"column":8},"end":{"line":30,"column":null}}]}},"s":{"0":1,"1":17,"2":17,"3":5,"4":17,"5":40,"6":40,"7":37,"8":12,"9":40,"10":17,"11":4,"12":1,"13":3,"14":3,"15":4,"16":3,"17":3,"18":17,"19":23,"20":1,"21":22,"22":22,"23":22,"24":17,"25":2,"26":1,"27":1,"28":3,"29":1,"30":1,"31":17,"32":3,"33":1,"34":2,"35":3,"36":2,"37":2,"38":2,"39":2,"40":2,"41":2,"42":2,"43":2,"44":2,"45":17,"46":2,"47":1,"48":1,"49":17,"50":4,"51":1,"52":3,"53":3,"54":3,"55":3,"56":3,"57":3,"58":3,"59":17,"60":2,"61":2,"62":2,"63":1,"64":1,"65":17,"66":1,"67":1,"68":16,"69":1,"70":16,"71":1,"72":16,"73":16},"f":{"0":17,"1":5,"2":40,"3":37,"4":4,"5":4,"6":23,"7":2,"8":3,"9":3,"10":3,"11":2,"12":4,"13":2,"14":1,"15":16,"16":16},"b":{"0":[12],"1":[1],"2":[3],"3":[1],"4":[1],"5":[1],"6":[2],"7":[2],"8":[1],"9":[1],"10":[3],"11":[3],"12":[1],"13":[1],"14":[16]}}
,"D:\\Projects\\stock-market\\stock.ts": {"path":"D:\\Projects\\stock-market\\stock.ts","statementMap":{"0":{"start":{"line":8,"column":8},"end":{"line":8,"column":null}},"1":{"start":{"line":9,"column":8},"end":{"line":9,"column":null}},"2":{"start":{"line":10,"column":8},"end":{"line":10,"column":null}},"3":{"start":{"line":11,"column":8},"end":{"line":11,"column":null}},"4":{"start":{"line":1,"column":0},"end":{"line":1,"column":13}}},"fnMap":{"0":{"name":"(anonymous_0)","decl":{"start":{"line":7,"column":4},"end":{"line":7,"column":16}},"loc":{"start":{"line":7,"column":65},"end":{"line":12,"column":5}}}},"branchMap":{},"s":{"0":28,"1":28,"2":28,"3":28,"4":2},"f":{"0":28},"b":{}}
}
