TN:
SF:investor.ts
FN:12,(anonymous_0)
FN:17,(anonymous_1)
FNF:2
FNH:2
FNDA:3,(anonymous_0)
FNDA:1,(anonymous_1)
DA:7,2
DA:10,3
DA:13,3
DA:14,3
DA:17,3
DA:18,1
LF:6
LH:6
BRF:0
BRH:0
end_of_record
TN:
SF:stock-market.ts
FN:9,(anonymous_0)
FN:35,(anonymous_1)
FN:47,(anonymous_2)
FN:50,(anonymous_3)
FN:62,(anonymous_4)
FN:63,(anonymous_5)
FN:82,(anonymous_6)
FN:85,(anonymous_7)
FN:109,(anonymous_8)
FN:117,(anonymous_9)
FN:124,(anonymous_10)
FN:125,(anonymous_11)
FN:15,(anonymous_12)
FN:25,(anonymous_13)
FNF:14
FNH:13
FNDA:9,(anonymous_0)
FNDA:4,(anonymous_1)
FNDA:14,(anonymous_2)
FNDA:8,(anonymous_3)
FNDA:2,(anonymous_4)
FNDA:5,(anonymous_5)
FNDA:2,(anonymous_6)
FNDA:3,(anonymous_7)
FNDA:1,(anonymous_8)
FNDA:1,(anonymous_9)
FNDA:1,(anonymous_10)
FNDA:0,(anonymous_11)
FNDA:8,(anonymous_12)
FNDA:8,(anonymous_13)
DA:1,1
DA:4,1
DA:5,9
DA:7,9
DA:15,1
DA:16,8
DA:17,1
DA:19,8
DA:25,1
DA:26,8
DA:27,8
DA:35,9
DA:36,4
DA:47,9
DA:48,14
DA:50,14
DA:51,1
DA:54,13
DA:55,13
DA:62,9
DA:63,2
DA:64,5
DA:67,2
DA:69,2
DA:70,1
DA:72,1
DA:82,9
DA:83,2
DA:85,2
DA:86,3
DA:87,1
DA:88,1
DA:89,1
DA:90,1
DA:91,1
DA:93,3
DA:96,2
DA:97,2
DA:99,2
DA:100,1
DA:102,1
DA:109,9
DA:110,1
DA:117,9
DA:118,1
DA:124,9
DA:125,1
DA:126,0
LF:48
LH:47
BRDA:50,0,0,1
BRDA:69,1,0,1
BRDA:86,2,0,1
BRDA:99,3,0,1
BRDA:16,4,0,1
BRDA:26,5,0,8
BRF:6
BRH:6
end_of_record
TN:
SF:stock.ts
FN:7,(anonymous_0)
FNF:1
FNH:1
FNDA:17,(anonymous_0)
DA:1,2
DA:8,17
DA:9,17
DA:10,17
DA:11,17
LF:5
LH:5
BRF:0
BRH:0
end_of_record
