TN:
SF:investor.ts
FN:11,(anonymous_0)
FN:20,(anonymous_1)
FN:31,(anonymous_2)
FN:39,(anonymous_3)
FNF:4
FNH:4
FNDA:12,(anonymous_0)
FNDA:2,(anonymous_1)
FNDA:1,(anonymous_2)
FNDA:2,(anonymous_3)
DA:1,2
DA:7,2
DA:12,12
DA:13,12
DA:20,12
DA:21,2
DA:31,12
DA:32,1
DA:33,1
DA:39,12
DA:40,2
DA:41,2
LF:12
LH:12
BRF:0
BRH:0
end_of_record
TN:
SF:stock-market.ts
FN:9,(anonymous_0)
FN:37,(anonymous_1)
FN:46,(anonymous_2)
FN:48,(anonymous_3)
FN:60,(anonymous_4)
FN:66,(anonymous_5)
FN:82,(anonymous_6)
FN:98,(anonymous_7)
FN:102,(anonymous_8)
FN:117,(anonymous_9)
FN:121,(anonymous_10)
FN:144,(anonymous_11)
FN:161,(anonymous_12)
FN:186,(anonymous_13)
FN:193,(anonymous_14)
FN:202,(anonymous_15)
FN:212,(anonymous_16)
FN:227,(anonymous_17)
FN:231,(anonymous_18)
FN:17,(anonymous_19)
FN:27,(anonymous_20)
FNF:21
FNH:21
FNDA:22,(anonymous_0)
FNDA:5,(anonymous_1)
FNDA:56,(anonymous_2)
FNDA:51,(anonymous_3)
FNDA:4,(anonymous_4)
FNDA:4,(anonymous_5)
FNDA:27,(anonymous_6)
FNDA:2,(anonymous_7)
FNDA:3,(anonymous_8)
FNDA:3,(anonymous_9)
FNDA:3,(anonymous_10)
FNDA:4,(anonymous_11)
FNDA:5,(anonymous_12)
FNDA:6,(anonymous_13)
FNDA:2,(anonymous_14)
FNDA:3,(anonymous_15)
FNDA:1,(anonymous_16)
FNDA:2,(anonymous_17)
FNDA:1,(anonymous_18)
FNDA:21,(anonymous_19)
FNDA:21,(anonymous_20)
DA:1,1
DA:4,1
DA:5,22
DA:10,22
DA:17,1
DA:18,21
DA:19,1
DA:21,21
DA:27,1
DA:28,21
DA:29,21
DA:37,22
DA:38,5
DA:46,22
DA:47,56
DA:48,56
DA:49,51
DA:50,22
DA:52,56
DA:60,22
DA:61,4
DA:62,1
DA:65,3
DA:66,3
DA:67,4
DA:68,3
DA:71,3
DA:82,22
DA:83,27
DA:84,1
DA:87,26
DA:89,26
DA:90,26
DA:91,26
DA:98,22
DA:99,2
DA:100,1
DA:102,1
DA:103,3
DA:106,1
DA:107,1
DA:117,22
DA:118,3
DA:119,1
DA:121,2
DA:122,3
DA:123,2
DA:124,2
DA:125,2
DA:126,2
DA:130,2
DA:131,2
DA:132,2
DA:133,2
DA:136,2
DA:144,22
DA:145,4
DA:146,1
DA:149,3
DA:150,1
DA:153,2
DA:161,22
DA:162,5
DA:163,1
DA:166,4
DA:167,4
DA:170,4
DA:172,4
DA:173,4
DA:174,4
DA:177,4
DA:186,22
DA:187,6
DA:188,1
DA:190,5
DA:191,5
DA:192,5
DA:193,3
DA:194,2
DA:195,2
DA:199,5
DA:202,22
DA:203,3
DA:204,1
DA:206,2
DA:207,1
DA:210,1
DA:212,1
DA:213,1
DA:216,1
DA:217,1
DA:218,1
DA:221,1
DA:227,22
DA:228,2
DA:229,2
DA:230,2
DA:231,1
DA:232,1
LF:99
LH:99
BRDA:49,0,0,22
BRDA:61,1,0,1
BRDA:67,2,0,3
BRDA:83,3,0,1
BRDA:99,4,0,1
BRDA:118,5,0,1
BRDA:122,6,0,2
BRDA:130,7,0,2
BRDA:145,8,0,1
BRDA:149,9,0,1
BRDA:162,10,0,1
BRDA:166,11,0,4
BRDA:172,12,0,4
BRDA:187,13,0,1
BRDA:192,14,0,3
BRDA:194,15,0,2
BRDA:203,16,0,1
BRDA:206,17,0,1
BRDA:216,18,0,1
BRDA:230,19,0,1
BRDA:18,20,0,1
BRDA:28,21,0,21
BRF:22
BRH:22
end_of_record
TN:
SF:stock.ts
FN:7,(anonymous_0)
FNF:1
FNH:1
FNDA:30,(anonymous_0)
DA:1,2
DA:8,30
DA:9,30
DA:10,30
DA:11,30
LF:5
LH:5
BRF:0
BRH:0
end_of_record
